
Summary of the config file:
Creating jobs for the following tasks:  fastqc, demultiplex, alignment, bam2pair

Input fastq file:
        R1: /ocean/projects/bio240015p/shared/AD_project/data/GAGE-seq_11_2024/AN00022070/hPFC-scHiClib-30/hPFC-scHiClib-30_1.fastq.gz
        R2: /ocean/projects/bio240015p/shared/AD_project/data/GAGE-seq_11_2024/AN00022070/hPFC-scHiClib-30/hPFC-scHiClib-30_2.fastq.gz
Output folder:
        /ocean/projects/bio240015p/shared/AD_project/hic_pipeline_results/
Slurm script folder:
        /ocean/projects/bio240015p/shared/AD_project/hic_jobs/

Job: fastqc
        Slurm script: /ocean/projects/bio240015p/shared/AD_project/hic_jobs/hPFC-scHiC_24_11_lib-30/hPFC-scHiC_24_11_lib-30.fastqc.sbatch.sh
        Output R1: /ocean/projects/bio240015p/shared/AD_project/hic_pipeline_results/hPFC-scHiC_24_11_lib-30/hPFC-scHiC_24_11_lib-30_FastQC_R1
        Output R2: /ocean/projects/bio240015p/shared/AD_project/hic_pipeline_results/hPFC-scHiC_24_11_lib-30/hPFC-scHiC_24_11_lib-30_FastQC_R2

Job: demultiplex
Warning: mem per core is exceeded, reset it to 1.8G per core or use the RM queue
Warning: /ocean/projects/bio240015p/shared/AD_project/hic_jobs/hPFC-scHiC_24_11_lib-30/hPFC-scHiC_24_11_lib-30.demultiplex.sbatch.sh already exists, running the script will 
overwrite result files
Warning: /ocean/projects/bio240015p/shared/AD_project/hic_pipeline_results/hPFC-scHiC_24_11_lib-30/hPFC-scHiC_24_11_lib-30_demulti_R1.fastq already exists, running the script will 
overwrite result files
Warning: /ocean/projects/bio240015p/shared/AD_project/hic_pipeline_results/hPFC-scHiC_24_11_lib-30/hPFC-scHiC_24_11_lib-30_demulti_R2.fastq already exists, running the script will 
overwrite result files
        Slurm script: /ocean/projects/bio240015p/shared/AD_project/hic_jobs/hPFC-scHiC_24_11_lib-30/hPFC-scHiC_24_11_lib-30.demultiplex.sbatch.sh
        Output R1: /ocean/projects/bio240015p/shared/AD_project/hic_pipeline_results/hPFC-scHiC_24_11_lib-30/hPFC-scHiC_24_11_lib-30_demulti_R1.fastq
        Output R2: /ocean/projects/bio240015p/shared/AD_project/hic_pipeline_results/hPFC-scHiC_24_11_lib-30/hPFC-scHiC_24_11_lib-30_demulti_R2.fastq

Job: alignment
Warning: /ocean/projects/bio240015p/shared/AD_project/hic_jobs/hPFC-scHiC_24_11_lib-30/hPFC-scHiC_24_11_lib-30.alignment.sbatch.sh already exists, overwriting it
Warning: /ocean/projects/bio240015p/shared/AD_project/hic_pipeline_results/hPFC-scHiC_24_11_lib-30/hPFC-scHiC_24_11_lib-30_alignment.bam already exists, overwriting it
        Slurm script: /ocean/projects/bio240015p/shared/AD_project/hic_jobs/hPFC-scHiC_24_11_lib-30/hPFC-scHiC_24_11_lib-30.alignment.sbatch.sh
        Input R1: /ocean/projects/bio240015p/shared/AD_project/hic_pipeline_results/hPFC-scHiC_24_11_lib-30/hPFC-scHiC_24_11_lib-30_demulti_R1.fastq
        Input R2: /ocean/projects/bio240015p/shared/AD_project/hic_pipeline_results/hPFC-scHiC_24_11_lib-30/hPFC-scHiC_24_11_lib-30_demulti_R2.fastq
        Output file: /ocean/projects/bio240015p/shared/AD_project/hic_pipeline_results/hPFC-scHiC_24_11_lib-30/hPFC-scHiC_24_11_lib-30_alignment.bam

Job: parse bam aligment to pairs
Warning: /ocean/projects/bio240015p/shared/AD_project/hic_jobs/hPFC-scHiC_24_11_lib-30/hPFC-scHiC_24_11_lib-30.bam2pair.sbatch.sh already exists, overwriting it
        Slurm script: /ocean/projects/bio240015p/shared/AD_project/hic_jobs/hPFC-scHiC_24_11_lib-30/hPFC-scHiC_24_11_lib-30.bam2pair.sbatch.sh
        Input file: /ocean/projects/bio240015p/shared/AD_project/hic_pipeline_results/hPFC-scHiC_24_11_lib-30/hPFC-scHiC_24_11_lib-30_alignment.bam
Warning: /ocean/projects/bio240015p/shared/AD_project/hic_pipeline_results/hPFC-scHiC_24_11_lib-30/complete/hPFC-scHiC_24_11_lib-30.pairs.gz already exists, overwriting it
        Output file: /ocean/projects/bio240015p/shared/AD_project/hic_pipeline_results/hPFC-scHiC_24_11_lib-30/complete/hPFC-scHiC_24_11_lib-30.pairs.gz
Warning: /ocean/projects/bio240015p/shared/AD_project/hic_pipeline_results/hPFC-scHiC_24_11_lib-30/wowalk/hPFC-scHiC_24_11_lib-30.pairs.gz already exists, overwriting it
        Output file: /ocean/projects/bio240015p/shared/AD_project/hic_pipeline_results/hPFC-scHiC_24_11_lib-30/wowalk/hPFC-scHiC_24_11_lib-30.pairs.gz

